P dead
R dead
R 0 0 600 3 19
K 0 0 900 13 3
K dead
K 0 0 900 5 14
K 0 0 900 8 17
P 0 200 332 8 11
W 0 0 400 10 8
P 0 0 500 18 2
R 0 0 600 13 1
W 0 0 400 6 4
P 0 0 190 12 13
K dead
W 0 0 54 15 4
W dead
R dead
P 0 0 500 18 3
W 0 0 100 7 6
K 0 0 688 9 3
P 0 200 202 11 2
P 0 200 22 17 20
P 0 0 500 1 18
P dead
W dead
R dead
P 0 200 332 4 2
P 0 200 332 10 14
K 0 0 900 19 13
W dead
K 0 0 6 17 15
K 0 0 250 12 10
R dead
W dead
R 0 0 290 17 16
P 0 0 202 4 8
K 0 200 688 10 7
W dead
R 0 0 600 18 0
K 0 0 900 3 13
P 0 0 500 10 4
W dead
K 0 0 250 19 9
R 0 0 274 7 0
K 0 200 260 5 0
R dead
P 0 200 202 2 13
W dead
K dead
P dead
